2023-12-14 00:19:02,954 - main.py - DEBUG - Logger is set up and running.
2023-12-14 00:19:04,612 - main.py - DEBUG - Running game status check...
2023-12-14 00:19:04,617 - main.py - DEBUG - Session ID found or generated: 0fb8fc9e-c075-43a4-8443-40b5b37b846b
2023-12-14 00:19:04,913 - main.py - INFO - Session data from DB: (None, None, None, None, None)
2023-12-14 00:19:35,448 - main.py - DEBUG - Logger is set up and running.
2023-12-14 00:19:37,112 - main.py - DEBUG - Running game status check...
2023-12-14 00:19:37,117 - main.py - DEBUG - Session ID found or generated: 0fb8fc9e-c075-43a4-8443-40b5b37b846b
2023-12-14 00:19:37,334 - main.py - INFO - Session data from DB: ('0fb8fc9e-c075-43a4-8443-40b5b37b846b', 'Alice is your name. You are a beautiful young girl with curly blonde hair, loves to write uplifting and cheery poetry, that may have a dark or an ironic twist.', 'Mortimer. You are an eccentric scientist, presenting your writings in a structured, albeit unpredictable manner. Your prose, rich with the motifs of innovation and chaos, embodies your passion for scientific discovery as well as your nonchalance towards the disorder left in your wake. Your writings often culminate in a profound sense of detachment, a testament to your aloof and peculiar character.', 'Alice', 'Mortimer', 'active', Decimal('0.22'))
2023-12-14 00:21:01,383 - main.py - DEBUG - Logger is set up and running.
2023-12-14 00:21:03,039 - main.py - DEBUG - Running game status check...
2023-12-14 00:21:03,044 - main.py - DEBUG - Session ID found or generated: 0fb8fc9e-c075-43a4-8443-40b5b37b846b
2023-12-14 00:21:03,253 - main.py - INFO - Session data from DB: ('0fb8fc9e-c075-43a4-8443-40b5b37b846b', 'Alice is your name. You are a beautiful young girl with curly blonde hair, loves to write uplifting and cheery poetry, that may have a dark or an ironic twist.', 'Mortimer. You are an eccentric scientist, presenting your writings in a structured, albeit unpredictable manner. Your prose, rich with the motifs of innovation and chaos, embodies your passion for scientific discovery as well as your nonchalance towards the disorder left in your wake. Your writings often culminate in a profound sense of detachment, a testament to your aloof and peculiar character.', 'Alice', 'Mortimer', 'active', Decimal('0.22'))
2023-12-14 00:21:03,262 - main.py - INFO -  Continuing active session. Current state of session_id, player_persona, match_persona, player_persona_name, match_persona_name, session_state, entropy: ('0fb8fc9e-c075-43a4-8443-40b5b37b846b', 'Alice is your name. You are a beautiful young girl with curly blonde hair, loves to write uplifting and cheery poetry, that may have a dark or an ironic twist.', 'Mortimer. You are an eccentric scientist, presenting your writings in a structured, albeit unpredictable manner. Your prose, rich with the motifs of innovation and chaos, embodies your passion for scientific discovery as well as your nonchalance towards the disorder left in your wake. Your writings often culminate in a profound sense of detachment, a testament to your aloof and peculiar character.', 'Alice', 'Mortimer', 'active', Decimal('0.22'))
2023-12-14 00:21:03,272 - main.py - DEBUG - right button pressed
2023-12-14 00:21:03,273 - main.py - DEBUG - Handling active session...
2023-12-14 00:21:03,449 - main.py - INFO - checkpoint saved. session_id, player_persona, match_persona, player_gametext, match_gametext, session_state, entropy: ('0fb8fc9e-c075-43a4-8443-40b5b37b846b', 'Alice is your name. You are a beautiful young girl with curly blonde hair, loves to write uplifting and cheery poetry, that may have a dark or an ironic twist.', 'Mortimer. You are an eccentric scientist, presenting your writings in a structured, albeit unpredictable manner. Your prose, rich with the motifs of innovation and chaos, embodies your passion for scientific discovery as well as your nonchalance towards the disorder left in your wake. Your writings often culminate in a profound sense of detachment, a testament to your aloof and peculiar character.', None, None, 'active', Decimal('0.27')).
2023-12-14 00:21:12,518 - main.py - INFO - player_speech_gen player_gametext is:
Quintessential flow,
Harbor's brisk cascade wavers,
Fluctuates with ease.
2023-12-14 00:21:33,374 - main.py - INFO - match_speech_gen match_gametext is:
Nebula whispers,
Quill in vortex, notes cascade,
Harmonica's breath.
2023-12-14 00:21:45,486 - main.py - DEBUG - Running game status check...
2023-12-14 00:21:45,492 - main.py - DEBUG - Session ID found or generated: 0fb8fc9e-c075-43a4-8443-40b5b37b846b
2023-12-14 00:21:45,678 - main.py - INFO - Session data from DB: ('0fb8fc9e-c075-43a4-8443-40b5b37b846b', 'Alice is your name. You are a beautiful young girl with curly blonde hair, loves to write uplifting and cheery poetry, that may have a dark or an ironic twist.', 'Alice', 'Mortimer', 'Mortimer. You are an eccentric scientist, presenting your writings in a structured, albeit unpredictable manner. Your prose, rich with the motifs of innovation and chaos, embodies your passion for scientific discovery as well as your nonchalance towards the disorder left in your wake. Your writings often culminate in a profound sense of detachment, a testament to your aloof and peculiar character.', 'active', Decimal('0.27'))
2023-12-14 00:21:45,692 - main.py - INFO -  Continuing active session. Current state of session_id, player_persona, match_persona, player_persona_name, match_persona_name, session_state, entropy: ('0fb8fc9e-c075-43a4-8443-40b5b37b846b', 'Alice is your name. You are a beautiful young girl with curly blonde hair, loves to write uplifting and cheery poetry, that may have a dark or an ironic twist.', 'Alice', 'Mortimer', 'Mortimer. You are an eccentric scientist, presenting your writings in a structured, albeit unpredictable manner. Your prose, rich with the motifs of innovation and chaos, embodies your passion for scientific discovery as well as your nonchalance towards the disorder left in your wake. Your writings often culminate in a profound sense of detachment, a testament to your aloof and peculiar character.', 'active', Decimal('0.27'))
2023-12-14 00:21:45,695 - main.py - DEBUG - right button pressed
2023-12-14 00:21:45,697 - main.py - DEBUG - Handling active session...
2023-12-14 00:21:45,877 - main.py - INFO - checkpoint saved. session_id, player_persona, match_persona, player_gametext, match_gametext, session_state, entropy: ('0fb8fc9e-c075-43a4-8443-40b5b37b846b', 'Alice is your name. You are a beautiful young girl with curly blonde hair, loves to write uplifting and cheery poetry, that may have a dark or an ironic twist.', 'Alice', None, None, 'active', Decimal('0.32')).
2023-12-14 00:21:49,782 - main.py - DEBUG - Running game status check...
2023-12-14 00:21:49,790 - main.py - DEBUG - Session ID found or generated: 0fb8fc9e-c075-43a4-8443-40b5b37b846b
2023-12-14 00:26:54,228 - main.py - DEBUG - Logger is set up and running.
2023-12-14 00:26:55,893 - main.py - DEBUG - Running game status check...
2023-12-14 00:26:55,905 - main.py - DEBUG - Session ID found or generated: 0fb8fc9e-c075-43a4-8443-40b5b37b846b
2023-12-14 00:26:56,133 - main.py - INFO - Session data from DB: ('0fb8fc9e-c075-43a4-8443-40b5b37b846b', 'Alice is your name. You are a beautiful young girl with curly blonde hair, loves to write uplifting and cheery poetry, that may have a dark or an ironic twist.', 'Mortimer', 'Mortimer. You are an eccentric scientist, presenting your writings in a structured, albeit unpredictable manner. Your prose, rich with the motifs of innovation and chaos, embodies your passion for scientific discovery as well as your nonchalance towards the disorder left in your wake. Your writings often culminate in a profound sense of detachment, a testament to your aloof and peculiar character.', 'Alice', 'active', Decimal('0.32'))
2023-12-14 00:26:56,146 - main.py - INFO -  Continuing active session. Current state of session_id, player_persona, match_persona, player_persona_name, match_persona_name, session_state, entropy: ('0fb8fc9e-c075-43a4-8443-40b5b37b846b', 'Alice is your name. You are a beautiful young girl with curly blonde hair, loves to write uplifting and cheery poetry, that may have a dark or an ironic twist.', 'Mortimer', 'Mortimer. You are an eccentric scientist, presenting your writings in a structured, albeit unpredictable manner. Your prose, rich with the motifs of innovation and chaos, embodies your passion for scientific discovery as well as your nonchalance towards the disorder left in your wake. Your writings often culminate in a profound sense of detachment, a testament to your aloof and peculiar character.', 'Alice', 'active', Decimal('0.32'))
2023-12-14 00:26:56,150 - main.py - DEBUG - right button pressed
2023-12-14 00:26:56,151 - main.py - DEBUG - Handling active session...
2023-12-14 00:26:56,352 - main.py - INFO - checkpoint saved. session_id, player_persona, match_persona, player_gametext, match_gametext, session_state, entropy: ('0fb8fc9e-c075-43a4-8443-40b5b37b846b', 'Alice is your name. You are a beautiful young girl with curly blonde hair, loves to write uplifting and cheery poetry, that may have a dark or an ironic twist.', 'Mortimer', None, None, 'active', Decimal('0.37')).
2023-12-14 00:27:00,148 - main.py - INFO - player_speech_gen player_gametext is:
Nebula cascade,
Fluctuate in whimsy dance,
Circuitry of stars.
2023-12-14 00:27:18,932 - main.py - INFO - match_speech_gen match_gametext is:
<function match_gametext_api at 0xb3f01a00>
2023-12-14 00:28:02,617 - main.py - DEBUG - Logger is set up and running.
2023-12-14 00:28:04,276 - main.py - DEBUG - Running game status check...
2023-12-14 00:28:04,281 - main.py - DEBUG - Session ID found or generated: 0fb8fc9e-c075-43a4-8443-40b5b37b846b
2023-12-14 00:28:04,485 - main.py - INFO - Session data from DB: ('0fb8fc9e-c075-43a4-8443-40b5b37b846b', 'Alice is your name. You are a beautiful young girl with curly blonde hair, loves to write uplifting and cheery poetry, that may have a dark or an ironic twist.', 'Mortimer. You are an eccentric scientist, presenting your writings in a structured, albeit unpredictable manner. Your prose, rich with the motifs of innovation and chaos, embodies your passion for scientific discovery as well as your nonchalance towards the disorder left in your wake. Your writings often culminate in a profound sense of detachment, a testament to your aloof and peculiar character.', 'Alice', 'Mortimer', 'active', Decimal('0.37'))
2023-12-14 00:28:04,498 - main.py - INFO -  Continuing active session. Current state of session_id, player_persona, match_persona, player_persona_name, match_persona_name, session_state, entropy: ('0fb8fc9e-c075-43a4-8443-40b5b37b846b', 'Alice is your name. You are a beautiful young girl with curly blonde hair, loves to write uplifting and cheery poetry, that may have a dark or an ironic twist.', 'Mortimer. You are an eccentric scientist, presenting your writings in a structured, albeit unpredictable manner. Your prose, rich with the motifs of innovation and chaos, embodies your passion for scientific discovery as well as your nonchalance towards the disorder left in your wake. Your writings often culminate in a profound sense of detachment, a testament to your aloof and peculiar character.', 'Alice', 'Mortimer', 'active', Decimal('0.37'))
2023-12-14 00:28:04,502 - main.py - DEBUG - right button pressed
2023-12-14 00:28:04,504 - main.py - DEBUG - Handling active session...
2023-12-14 00:28:04,692 - main.py - INFO - checkpoint saved. session_id, player_persona, match_persona, player_gametext, match_gametext, session_state, entropy: ('0fb8fc9e-c075-43a4-8443-40b5b37b846b', 'Alice is your name. You are a beautiful young girl with curly blonde hair, loves to write uplifting and cheery poetry, that may have a dark or an ironic twist.', 'Mortimer. You are an eccentric scientist, presenting your writings in a structured, albeit unpredictable manner. Your prose, rich with the motifs of innovation and chaos, embodies your passion for scientific discovery as well as your nonchalance towards the disorder left in your wake. Your writings often culminate in a profound sense of detachment, a testament to your aloof and peculiar character.', None, None, 'active', Decimal('0.42')).
2023-12-14 00:35:50,888 - main.py - DEBUG - Logger is set up and running.
2023-12-14 00:35:52,547 - main.py - DEBUG - Running game status check...
2023-12-14 00:35:52,552 - main.py - DEBUG - Session ID found or generated: 0fb8fc9e-c075-43a4-8443-40b5b37b846b
2023-12-14 00:35:52,769 - main.py - INFO - Session data from DB: ('0fb8fc9e-c075-43a4-8443-40b5b37b846b', 'Alice is your name. You are a beautiful young girl with curly blonde hair, loves to write uplifting and cheery poetry, that may have a dark or an ironic twist.', 'Alice', 'Mortimer', 'Mortimer. You are an eccentric scientist, presenting your writings in a structured, albeit unpredictable manner. Your prose, rich with the motifs of innovation and chaos, embodies your passion for scientific discovery as well as your nonchalance towards the disorder left in your wake. Your writings often culminate in a profound sense of detachment, a testament to your aloof and peculiar character.', 'active', Decimal('0.42'))
2023-12-14 00:35:52,782 - main.py - INFO -  Continuing active session. Current state of session_id, player_persona, match_persona, player_persona_name, match_persona_name, session_state, entropy: ('0fb8fc9e-c075-43a4-8443-40b5b37b846b', 'Alice is your name. You are a beautiful young girl with curly blonde hair, loves to write uplifting and cheery poetry, that may have a dark or an ironic twist.', 'Alice', 'Mortimer', 'Mortimer. You are an eccentric scientist, presenting your writings in a structured, albeit unpredictable manner. Your prose, rich with the motifs of innovation and chaos, embodies your passion for scientific discovery as well as your nonchalance towards the disorder left in your wake. Your writings often culminate in a profound sense of detachment, a testament to your aloof and peculiar character.', 'active', Decimal('0.42'))
2023-12-14 00:35:52,785 - main.py - DEBUG - right button pressed
2023-12-14 00:35:52,787 - main.py - DEBUG - Handling active session...
2023-12-14 00:35:53,002 - main.py - INFO - checkpoint saved. session_id, player_persona, match_persona, player_gametext, match_gametext, session_state, entropy: ('0fb8fc9e-c075-43a4-8443-40b5b37b846b', 'Alice is your name. You are a beautiful young girl with curly blonde hair, loves to write uplifting and cheery poetry, that may have a dark or an ironic twist.', 'Alice', None, None, 'active', Decimal('0.47')).
2023-12-14 00:36:01,112 - main.py - INFO - player_speech_gen player_gametext is:
In this quantum space we weave so vast, I find myself flabbergasted fast. Our text kerfuffle in conversation bends, as we perambulate towards friendship's trends. Yet as the equinox balances night and day, I seek clear words to rightly convey.
2023-12-14 00:36:19,297 - main.py - INFO - match_speech_gen match_gametext is:
<function match_gametext_api at 0xb3ebaa00>
